app/build/outputs/logs/manifest-merger-debug-report.txt
-- Merging decision tree log ---
manifest
ADDED from src\main\AndroidManifest.xml:2:1-526:12
	package
		ADDED from src\main\AndroidManifest.xml:4:5-39
		INJECTED from src\main\AndroidManifest.xml
		INJECTED from src\main\AndroidManifest.xml
	android:versionName
		ADDED from src\main\AndroidManifest.xml:6:5-32
		INJECTED from src\main\AndroidManifest.xml
		INJECTED from src\main\AndroidManifest.xml
	xmlns:tools
		ADDED from src\main\AndroidManifest.xml:3:5-51
	android:versionCode
		ADDED from src\main\AndroidManifest.xml:5:5-29
		INJECTED from src\main\AndroidManifest.xml
		INJECTED from src\main\AndroidManifest.xml
	xmlns:android
		ADDED from src\main\AndroidManifest.xml:2:11-69
uses-sdk
ADDED from src\main\AndroidManifest.xml:8:5-11:57
MERGED from [com.android.support:multidex:1.0.1] AndroidManifest.xml:18:5-42
MERGED from [ChatDemoUI3.0:redpacketlibrary:unspecified] AndroidManifest.xml:7:5-9:41
MERGED from [com.hyphenate.redpacket:redpacket-alipay:1.1.2] AndroidManifest.xml:8:5-10:41
MERGED from [ChatDemoUI3.0:easeui:unspecified] AndroidManifest.xml:5:5-7:41
MERGED from [com.android.support:appcompat-v7:24.2.1] AndroidManifest.xml:21:5-23:78
MERGED from [com.android.support:support-v4:24.2.1] AndroidManifest.xml:21:5-23:54
MERGED from [com.android.support:support-fragment:24.2.1] AndroidManifest.xml:21:5-23:60
MERGED from [com.android.support:support-media-compat:24.2.1] AndroidManifest.xml:21:5-23:63
MERGED from [com.android.support:support-core-ui:24.2.1] AndroidManifest.xml:21:5-23:58
MERGED from [com.android.support:support-core-utils:24.2.1] AndroidManifest.xml:21:5-23:61
MERGED from [com.android.support:animated-vector-drawable:24.2.1] AndroidManifest.xml:20:5-44
MERGED from [com.android.support:support-vector-drawable:24.2.1] AndroidManifest.xml:21:5-43
MERGED from [com.android.support:support-compat:24.2.1] AndroidManifest.xml:21:5-23:58
	tools:overrideLibrary
		ADDED from src\main\AndroidManifest.xml:11:9-54
	android:targetSdkVersion
		ADDED from src\main\AndroidManifest.xml:10:9-38
		INJECTED from src\main\AndroidManifest.xml
		INJECTED from src\main\AndroidManifest.xml
	android:minSdkVersion
		ADDED from src\main\AndroidManifest.xml:9:9-35
		INJECTED from src\main\AndroidManifest.xml
		INJECTED from src\main\AndroidManifest.xml
uses-permission#android.permission.VIBRATE
ADDED from src\main\AndroidManifest.xml:13:5-66
	android:name
		ADDED from src\main\AndroidManifest.xml:13:22-63
uses-permission#android.permission.INTERNET
ADDED from src\main\AndroidManifest.xml:14:5-67
	android:name
		ADDED from src\main\AndroidManifest.xml:14:22-64
uses-permission#android.permission.RECORD_AUDIO
ADDED from src\main\AndroidManifest.xml:15:5-71
	android:name
		ADDED from src\main\AndroidManifest.xml:15:22-68
uses-permission#android.permission.CAMERA
ADDED from src\main\AndroidManifest.xml:16:5-65
	android:name
		ADDED from src\main\AndroidManifest.xml:16:22-62
uses-permission#android.permission.ACCESS_NETWORK_STATE
ADDED from src\main\AndroidManifest.xml:17:5-79
	android:name
		ADDED from src\main\AndroidManifest.xml:17:22-76
uses-permission#android.permission.WRITE_EXTERNAL_STORAGE
ADDED from src\main\AndroidManifest.xml:18:5-81
	android:name
		ADDED from src\main\AndroidManifest.xml:18:22-78
uses-permission#android.permission.MOUNT_UNMOUNT_FILESYSTEMS
ADDED from src\main\AndroidManifest.xml:19:5-84
	android:name
		ADDED from src\main\AndroidManifest.xml:19:22-81
uses-permission#android.permission.ACCESS_FINE_LOCATION
ADDED from src\main\AndroidManifest.xml:20:5-79
	android:name
		ADDED from src\main\AndroidManifest.xml:20:22-76
uses-permission#android.permission.GET_TASKS
ADDED from src\main\AndroidManifest.xml:21:5-68
	android:name
		ADDED from src\main\AndroidManifest.xml:21:22-65
uses-permission#android.permission.ACCESS_WIFI_STATE
ADDED from src\main\AndroidManifest.xml:22:5-76
	android:name
		ADDED from src\main\AndroidManifest.xml:22:22-73
uses-permission#android.permission.CHANGE_WIFI_STATE
ADDED from src\main\AndroidManifest.xml:23:5-76
	android:name
		ADDED from src\main\AndroidManifest.xml:23:22-73
uses-permission#android.permission.WAKE_LOCK
ADDED from src\main\AndroidManifest.xml:24:5-68
	android:name
		ADDED from src\main\AndroidManifest.xml:24:22-65
uses-permission#android.permission.MODIFY_AUDIO_SETTINGS
ADDED from src\main\AndroidManifest.xml:25:5-80
	android:name
		ADDED from src\main\AndroidManifest.xml:25:22-77
uses-permission#android.permission.READ_PHONE_STATE
ADDED from src\main\AndroidManifest.xml:26:5-75
	android:name
		ADDED from src\main\AndroidManifest.xml:26:22-72
uses-permission#android.permission.RECEIVE_BOOT_COMPLETED
ADDED from src\main\AndroidManifest.xml:27:5-81
	android:name
		ADDED from src\main\AndroidManifest.xml:27:22-78
uses-permission#android.permission.USE_CREDENTIALS
ADDED from src\main\AndroidManifest.xml:28:5-74
	android:name
		ADDED from src\main\AndroidManifest.xml:28:22-71
uses-permission#com.android.launcher.permission.READ_SETTINGS
ADDED from src\main\AndroidManifest.xml:29:5-85
	android:name
		ADDED from src\main\AndroidManifest.xml:29:22-82
uses-permission#android.permission.BROADCAST_STICKY
ADDED from src\main\AndroidManifest.xml:30:5-75
	android:name
		ADDED from src\main\AndroidManifest.xml:30:22-72
uses-permission#android.permission.WRITE_SETTINGS
ADDED from src\main\AndroidManifest.xml:31:5-73
	android:name
		ADDED from src\main\AndroidManifest.xml:31:22-70
uses-permission#android.permission.REQUEST_IGNORE_BATTERY_OPTIMIZATIONS
ADDED from src\main\AndroidManifest.xml:32:5-95
	android:name
		ADDED from src\main\AndroidManifest.xml:32:22-92
uses-permission#com.google.android.c2dm.permission.RECEIVE
ADDED from src\main\AndroidManifest.xml:35:5-82
	android:name
		ADDED from src\main\AndroidManifest.xml:35:22-79
permission#com.hyphenate.chatuidemo.permission.C2D_MESSAGE
ADDED from src\main\AndroidManifest.xml:37:5-39:47
	android:protectionLevel
		ADDED from src\main\AndroidManifest.xml:39:9-44
	android:name
		ADDED from src\main\AndroidManifest.xml:38:9-71
uses-permission#com.hyphenate.chatuidemo.permission.C2D_MESSAGE
ADDED from src\main\AndroidManifest.xml:41:5-87
	android:name
		ADDED from src\main\AndroidManifest.xml:41:22-84
permission#com.hyphenate.chatuidemo.permission.MIPUSH_RECEIVE
ADDED from src\main\AndroidManifest.xml:43:5-45:55
	android:protectionLevel
		ADDED from src\main\AndroidManifest.xml:45:9-52
	android:name
		ADDED from src\main\AndroidManifest.xml:44:9-74
uses-permission#com.hyphenate.chatuidemo.permission.MIPUSH_RECEIVE
ADDED from src\main\AndroidManifest.xml:47:5-90
	android:name
		ADDED from src\main\AndroidManifest.xml:47:22-87
uses-permission#android.permission.READ_EXTERNAL_STORAGE
ADDED from src\main\AndroidManifest.xml:48:5-80
	android:name
		ADDED from src\main\AndroidManifest.xml:48:22-77
application
ADDED from src\main\AndroidManifest.xml:50:5-524:19
MERGED from [com.android.support:appcompat-v7:24.2.1] AndroidManifest.xml:25:5-20
MERGED from [com.android.support:support-v4:24.2.1] AndroidManifest.xml:25:5-20
MERGED from [com.android.support:support-fragment:24.2.1] AndroidManifest.xml:25:5-20
MERGED from [com.android.support:support-media-compat:24.2.1] AndroidManifest.xml:25:5-20
MERGED from [com.android.support:support-core-ui:24.2.1] AndroidManifest.xml:25:5-20
MERGED from [com.android.support:support-core-utils:24.2.1] AndroidManifest.xml:25:5-20
MERGED from [com.android.support:animated-vector-drawable:24.2.1] AndroidManifest.xml:22:5-20
MERGED from [com.android.support:support-vector-drawable:24.2.1] AndroidManifest.xml:23:5-20
MERGED from [com.android.support:support-compat:24.2.1] AndroidManifest.xml:25:5-20
	android:label
		ADDED from src\main\AndroidManifest.xml:54:9-41
	android:allowBackup
		ADDED from src\main\AndroidManifest.xml:52:9-35
	android:icon
		ADDED from src\main\AndroidManifest.xml:53:9-48
	android:name
		ADDED from src\main\AndroidManifest.xml:51:9-40
activity#com.hyphenate.chatuidemo.ui.MainActivity
ADDED from src\main\AndroidManifest.xml:55:9-60:55
	android:screenOrientation
		ADDED from src\main\AndroidManifest.xml:58:13-49
	android:launchMode
		ADDED from src\main\AndroidManifest.xml:57:13-44
	android:windowSoftInputMode
		ADDED from src\main\AndroidManifest.xml:60:13-52
	android:theme
		ADDED from src\main\AndroidManifest.xml:59:13-52
	android:name
		ADDED from src\main\AndroidManifest.xml:56:13-44
activity#com.hyphenate.chatuidemo.ui.SplashActivity
ADDED from src\main\AndroidManifest.xml:63:9-72:20
	android:screenOrientation
		ADDED from src\main\AndroidManifest.xml:65:13-49
	android:theme
		ADDED from src\main\AndroidManifest.xml:66:13-52
	android:name
		ADDED from src\main\AndroidManifest.xml:64:13-46
intent-filter#android.intent.action.MAIN+android.intent.category.LAUNCHER
ADDED from src\main\AndroidManifest.xml:67:13-71:29
action#android.intent.action.MAIN
ADDED from src\main\AndroidManifest.xml:68:17-69
	android:name
		ADDED from src\main\AndroidManifest.xml:68:25-66
category#android.intent.category.LAUNCHER
ADDED from src\main\AndroidManifest.xml:70:17-77
	android:name
		ADDED from src\main\AndroidManifest.xml:70:27-74
activity#com.hyphenate.chatuidemo.ui.LoginActivity
ADDED from src\main\AndroidManifest.xml:75:9-79:71
	android:screenOrientation
		ADDED from src\main\AndroidManifest.xml:77:13-49
	android:windowSoftInputMode
		ADDED from src\main\AndroidManifest.xml:79:13-68
	android:theme
		ADDED from src\main\AndroidManifest.xml:78:13-52
	android:name
		ADDED from src\main\AndroidManifest.xml:76:13-45
activity#com.hyphenate.chatuidemo.ui.RegisterActivity
ADDED from src\main\AndroidManifest.xml:82:9-86:71
	android:screenOrientation
		ADDED from src\main\AndroidManifest.xml:84:13-49
	android:windowSoftInputMode
		ADDED from src\main\AndroidManifest.xml:86:13-68
	android:theme
		ADDED from src\main\AndroidManifest.xml:85:13-52
	android:name
		ADDED from src\main\AndroidManifest.xml:83:13-48
activity#com.hyphenate.chatuidemo.ui.ChatActivity
ADDED from src\main\AndroidManifest.xml:88:9-93:58
	android:screenOrientation
		ADDED from src\main\AndroidManifest.xml:91:13-49
	android:launchMode
		ADDED from src\main\AndroidManifest.xml:90:13-44
	android:windowSoftInputMode
		ADDED from src\main\AndroidManifest.xml:93:13-55
	android:theme
		ADDED from src\main\AndroidManifest.xml:92:13-52
	android:name
		ADDED from src\main\AndroidManifest.xml:89:13-44
activity#com.hyphenate.chatuidemo.ui.AddContactActivity
ADDED from src\main\AndroidManifest.xml:95:9-99:58
	android:screenOrientation
		ADDED from src\main\AndroidManifest.xml:97:13-49
	android:windowSoftInputMode
		ADDED from src\main\AndroidManifest.xml:99:13-55
	android:theme
		ADDED from src\main\AndroidManifest.xml:98:13-52
	android:name
		ADDED from src\main\AndroidManifest.xml:96:13-50
activity#com.hyphenate.chatuidemo.ui.GroupDetailsActivity
ADDED from src\main\AndroidManifest.xml:101:9-104:55
	android:screenOrientation
		ADDED from src\main\AndroidManifest.xml:103:13-49
	android:theme
		ADDED from src\main\AndroidManifest.xml:104:13-52
	android:name
		ADDED from src\main\AndroidManifest.xml:102:13-52
activity#com.hyphenate.chatuidemo.ui.GroupsActivity
ADDED from src\main\AndroidManifest.xml:106:9-110:55
	android:screenOrientation
		ADDED from src\main\AndroidManifest.xml:108:13-49
	android:windowSoftInputMode
		ADDED from src\main\AndroidManifest.xml:110:13-52
	android:theme
		ADDED from src\main\AndroidManifest.xml:109:13-52
	android:name
		ADDED from src\main\AndroidManifest.xml:107:13-46
activity#com.hyphenate.chatuidemo.ui.ChatRoomDetailsActivity
ADDED from src\main\AndroidManifest.xml:113:9-116:55
	android:screenOrientation
		ADDED from src\main\AndroidManifest.xml:115:13-49
	android:theme
		ADDED from src\main\AndroidManifest.xml:116:13-52
	android:name
		ADDED from src\main\AndroidManifest.xml:114:13-55
activity#com.hyphenate.chatuidemo.ui.NewChatRoomActivity
ADDED from src\main\AndroidManifest.xml:118:9-122:55
	android:screenOrientation
		ADDED from src\main\AndroidManifest.xml:120:13-49
	android:windowSoftInputMode
		ADDED from src\main\AndroidManifest.xml:122:13-52
	android:theme
		ADDED from src\main\AndroidManifest.xml:121:13-52
	android:name
		ADDED from src\main\AndroidManifest.xml:119:13-51
activity#com.hyphenate.chatuidemo.ui.NewGroupActivity
ADDED from src\main\AndroidManifest.xml:125:9-129:55
	android:screenOrientation
		ADDED from src\main\AndroidManifest.xml:127:13-49
	android:windowSoftInputMode
		ADDED from src\main\AndroidManifest.xml:129:13-52
	android:theme
		ADDED from src\main\AndroidManifest.xml:128:13-52
	android:name
		ADDED from src\main\AndroidManifest.xml:126:13-48
activity#com.hyphenate.chatuidemo.ui.ExitGroupDialog
ADDED from src\main\AndroidManifest.xml:131:9-134:58
	android:screenOrientation
		ADDED from src\main\AndroidManifest.xml:133:13-49
	android:theme
		ADDED from src\main\AndroidManifest.xml:134:13-55
	android:name
		ADDED from src\main\AndroidManifest.xml:132:13-47
activity#com.hyphenate.chatuidemo.ui.GroupPickContactsActivity
ADDED from src\main\AndroidManifest.xml:136:9-140:55
	android:screenOrientation
		ADDED from src\main\AndroidManifest.xml:138:13-49
	android:windowSoftInputMode
		ADDED from src\main\AndroidManifest.xml:140:13-52
	android:theme
		ADDED from src\main\AndroidManifest.xml:139:13-52
	android:name
		ADDED from src\main\AndroidManifest.xml:137:13-57
activity#com.hyphenate.chatuidemo.ui.PickAtUserActivity
ADDED from src\main\AndroidManifest.xml:141:9-144:55
	android:screenOrientation
		ADDED from src\main\AndroidManifest.xml:143:13-49
	android:theme
		ADDED from src\main\AndroidManifest.xml:144:13-52
	android:name
		ADDED from src\main\AndroidManifest.xml:142:13-50
activity#com.hyphenate.easeui.ui.EaseBaiduMapActivity
ADDED from src\main\AndroidManifest.xml:146:9-149:55
	android:screenOrientation
		ADDED from src\main\AndroidManifest.xml:148:13-49
	android:theme
		ADDED from src\main\AndroidManifest.xml:149:13-52
	android:name
		ADDED from src\main\AndroidManifest.xml:147:13-72
activity#com.hyphenate.chatuidemo.ui.NewFriendsMsgActivity
ADDED from src\main\AndroidManifest.xml:152:9-155:55
	android:screenOrientation
		ADDED from src\main\AndroidManifest.xml:154:13-49
	android:theme
		ADDED from src\main\AndroidManifest.xml:155:13-52
	android:name
		ADDED from src\main\AndroidManifest.xml:153:13-53
activity#com.hyphenate.chatuidemo.ui.ForwardMessageActivity
ADDED from src\main\AndroidManifest.xml:157:9-161:55
	android:screenOrientation
		ADDED from src\main\AndroidManifest.xml:159:13-49
	android:windowSoftInputMode
		ADDED from src\main\AndroidManifest.xml:161:13-52
	android:theme
		ADDED from src\main\AndroidManifest.xml:160:13-52
	android:name
		ADDED from src\main\AndroidManifest.xml:158:13-54
activity#com.hyphenate.chatuidemo.ui.ContextMenuActivity
ADDED from src\main\AndroidManifest.xml:163:9-166:52
	android:screenOrientation
		ADDED from src\main\AndroidManifest.xml:165:13-49
	android:theme
		ADDED from src\main\AndroidManifest.xml:166:13-49
	android:name
		ADDED from src\main\AndroidManifest.xml:164:13-51
activity#com.hyphenate.easeui.ui.EaseShowBigImageActivity
ADDED from src\main\AndroidManifest.xml:168:9-171:55
	android:screenOrientation
		ADDED from src\main\AndroidManifest.xml:170:13-49
	android:theme
		ADDED from src\main\AndroidManifest.xml:171:13-52
	android:name
		ADDED from src\main\AndroidManifest.xml:169:13-76
activity#com.hyphenate.easeui.ui.EaseShowNormalFileActivity
ADDED from src\main\AndroidManifest.xml:173:9-176:55
	android:screenOrientation
		ADDED from src\main\AndroidManifest.xml:175:13-49
	android:theme
		ADDED from src\main\AndroidManifest.xml:176:13-52
	android:name
		ADDED from src\main\AndroidManifest.xml:174:13-78
activity#com.hyphenate.chatuidemo.ui.BlacklistActivity
ADDED from src\main\AndroidManifest.xml:178:9-181:55
	android:screenOrientation
		ADDED from src\main\AndroidManifest.xml:180:13-49
	android:theme
		ADDED from src\main\AndroidManifest.xml:181:13-52
	android:name
		ADDED from src\main\AndroidManifest.xml:179:13-49
activity#com.hyphenate.chatuidemo.ui.PublicGroupsActivity
ADDED from src\main\AndroidManifest.xml:184:9-188:55
	android:screenOrientation
		ADDED from src\main\AndroidManifest.xml:186:13-49
	android:windowSoftInputMode
		ADDED from src\main\AndroidManifest.xml:188:13-52
	android:theme
		ADDED from src\main\AndroidManifest.xml:187:13-52
	android:name
		ADDED from src\main\AndroidManifest.xml:185:13-52
activity#com.hyphenate.chatuidemo.ui.PublicChatRoomsActivity
ADDED from src\main\AndroidManifest.xml:189:9-193:55
	android:screenOrientation
		ADDED from src\main\AndroidManifest.xml:191:13-49
	android:windowSoftInputMode
		ADDED from src\main\AndroidManifest.xml:193:13-52
	android:theme
		ADDED from src\main\AndroidManifest.xml:192:13-52
	android:name
		ADDED from src\main\AndroidManifest.xml:190:13-55
activity#com.hyphenate.chatuidemo.ui.VoiceCallActivity
ADDED from src\main\AndroidManifest.xml:196:9-200:51
	android:screenOrientation
		ADDED from src\main\AndroidManifest.xml:199:13-49
	android:launchMode
		ADDED from src\main\AndroidManifest.xml:198:13-44
	android:theme
		ADDED from src\main\AndroidManifest.xml:200:13-48
	android:name
		ADDED from src\main\AndroidManifest.xml:197:13-49
activity#com.hyphenate.chatuidemo.ui.VideoCallActivity
ADDED from src\main\AndroidManifest.xml:202:9-207:55
	android:screenOrientation
		ADDED from src\main\AndroidManifest.xml:206:13-49
	android:launchMode
		ADDED from src\main\AndroidManifest.xml:205:13-44
	android:configChanges
		ADDED from src\main\AndroidManifest.xml:204:13-74
	android:theme
		ADDED from src\main\AndroidManifest.xml:207:13-52
	android:name
		ADDED from src\main\AndroidManifest.xml:203:13-49
activity#com.hyphenate.chatuidemo.ui.GroupSimpleDetailActivity
ADDED from src\main\AndroidManifest.xml:209:9-212:55
	android:screenOrientation
		ADDED from src\main\AndroidManifest.xml:211:13-49
	android:theme
		ADDED from src\main\AndroidManifest.xml:212:13-52
	android:name
		ADDED from src\main\AndroidManifest.xml:210:13-57
activity#com.hyphenate.chatuidemo.ui.GroupBlacklistActivity
ADDED from src\main\AndroidManifest.xml:214:9-217:55
	android:screenOrientation
		ADDED from src\main\AndroidManifest.xml:216:13-49
	android:theme
		ADDED from src\main\AndroidManifest.xml:217:13-52
	android:name
		ADDED from src\main\AndroidManifest.xml:215:13-54
activity#com.hyphenate.chatuidemo.ui.GroupSearchMessageActivity
ADDED from src\main\AndroidManifest.xml:218:9-222:58
	android:screenOrientation
		ADDED from src\main\AndroidManifest.xml:220:13-49
	android:windowSoftInputMode
		ADDED from src\main\AndroidManifest.xml:222:13-55
	android:theme
		ADDED from src\main\AndroidManifest.xml:221:13-52
	android:name
		ADDED from src\main\AndroidManifest.xml:219:13-58
activity#com.hyphenate.chatuidemo.ui.PublicGroupsSeachActivity
ADDED from src\main\AndroidManifest.xml:223:9-226:55
	android:screenOrientation
		ADDED from src\main\AndroidManifest.xml:225:13-49
	android:theme
		ADDED from src\main\AndroidManifest.xml:226:13-52
	android:name
		ADDED from src\main\AndroidManifest.xml:224:13-57
activity#com.hyphenate.chatuidemo.ui.EditActivity
ADDED from src\main\AndroidManifest.xml:227:9-231:58
	android:screenOrientation
		ADDED from src\main\AndroidManifest.xml:229:13-49
	android:windowSoftInputMode
		ADDED from src\main\AndroidManifest.xml:231:13-55
	android:theme
		ADDED from src\main\AndroidManifest.xml:230:13-52
	android:name
		ADDED from src\main\AndroidManifest.xml:228:13-44
activity#com.hyphenate.chatuidemo.ui.SharedFilesActivity
ADDED from src\main\AndroidManifest.xml:232:9-235:15
	android:screenOrientation
		ADDED from src\main\AndroidManifest.xml:233:13-49
	android:theme
		ADDED from src\main\AndroidManifest.xml:234:13-52
	android:name
		ADDED from src\main\AndroidManifest.xml:232:19-57
activity#com.hyphenate.easeui.ui.EaseShowVideoActivity
ADDED from src\main\AndroidManifest.xml:236:9-240:63
	android:screenOrientation
		ADDED from src\main\AndroidManifest.xml:238:13-49
	android:windowSoftInputMode
		ADDED from src\main\AndroidManifest.xml:240:13-60
	android:theme
		ADDED from src\main\AndroidManifest.xml:239:13-52
	android:name
		ADDED from src\main\AndroidManifest.xml:237:13-73
activity#com.hyphenate.chatuidemo.ui.ImageGridActivity
ADDED from src\main\AndroidManifest.xml:242:9-246:63
	android:screenOrientation
		ADDED from src\main\AndroidManifest.xml:244:13-49
	android:windowSoftInputMode
		ADDED from src\main\AndroidManifest.xml:246:13-60
	android:theme
		ADDED from src\main\AndroidManifest.xml:245:13-52
	android:name
		ADDED from src\main\AndroidManifest.xml:243:13-49
activity#com.hyphenate.chatuidemo.ui.RecorderVideoActivity
ADDED from src\main\AndroidManifest.xml:247:9-251:63
	android:screenOrientation
		ADDED from src\main\AndroidManifest.xml:249:13-49
	android:windowSoftInputMode
		ADDED from src\main\AndroidManifest.xml:251:13-60
	android:theme
		ADDED from src\main\AndroidManifest.xml:250:13-52
	android:name
		ADDED from src\main\AndroidManifest.xml:248:13-53
activity#com.hyphenate.chatuidemo.ui.DiagnoseActivity
ADDED from src\main\AndroidManifest.xml:253:9-257:63
	android:screenOrientation
		ADDED from src\main\AndroidManifest.xml:255:13-49
	android:windowSoftInputMode
		ADDED from src\main\AndroidManifest.xml:257:13-60
	android:theme
		ADDED from src\main\AndroidManifest.xml:256:13-52
	android:name
		ADDED from src\main\AndroidManifest.xml:254:13-48
activity#com.hyphenate.chatuidemo.ui.OfflinePushNickActivity
ADDED from src\main\AndroidManifest.xml:260:9-264:63
	android:screenOrientation
		ADDED from src\main\AndroidManifest.xml:262:13-49
	android:windowSoftInputMode
		ADDED from src\main\AndroidManifest.xml:264:13-60
	android:theme
		ADDED from src\main\AndroidManifest.xml:263:13-52
	android:name
		ADDED from src\main\AndroidManifest.xml:261:13-55
activity#com.hyphenate.chatuidemo.ui.RobotsActivity
ADDED from src\main\AndroidManifest.xml:266:9-270:63
	android:screenOrientation
		ADDED from src\main\AndroidManifest.xml:268:13-49
	android:windowSoftInputMode
		ADDED from src\main\AndroidManifest.xml:270:13-60
	android:theme
		ADDED from src\main\AndroidManifest.xml:269:13-52
	android:name
		ADDED from src\main\AndroidManifest.xml:267:13-46
activity#com.hyphenate.chatuidemo.ui.UserProfileActivity
ADDED from src\main\AndroidManifest.xml:272:9-275:55
	android:screenOrientation
		ADDED from src\main\AndroidManifest.xml:274:13-49
	android:theme
		ADDED from src\main\AndroidManifest.xml:275:13-52
	android:name
		ADDED from src\main\AndroidManifest.xml:273:13-51
activity#com.hyphenate.chatuidemo.ui.SetServersActivity
ADDED from src\main\AndroidManifest.xml:276:9-279:55
	android:screenOrientation
		ADDED from src\main\AndroidManifest.xml:278:13-49
	android:theme
		ADDED from src\main\AndroidManifest.xml:279:13-52
	android:name
		ADDED from src\main\AndroidManifest.xml:277:13-50
activity#com.hyphenate.chatuidemo.ui.OfflinePushSettingsActivity
ADDED from src\main\AndroidManifest.xml:280:9-283:55
	android:screenOrientation
		ADDED from src\main\AndroidManifest.xml:282:13-49
	android:theme
		ADDED from src\main\AndroidManifest.xml:283:13-52
	android:name
		ADDED from src\main\AndroidManifest.xml:281:13-59
activity#com.hyphenate.chatuidemo.ui.CallOptionActivity
ADDED from src\main\AndroidManifest.xml:284:9-287:55
	android:screenOrientation
		ADDED from src\main\AndroidManifest.xml:286:13-49
	android:theme
		ADDED from src\main\AndroidManifest.xml:287:13-52
	android:name
		ADDED from src\main\AndroidManifest.xml:285:13-50
activity#com.easemob.redpacketui.ui.activity.RPRedPacketActivity
ADDED from src\main\AndroidManifest.xml:291:9-295:68
	android:screenOrientation
		ADDED from src\main\AndroidManifest.xml:293:13-49
	android:windowSoftInputMode
		ADDED from src\main\AndroidManifest.xml:295:13-65
	android:theme
		ADDED from src\main\AndroidManifest.xml:294:13-52
	android:name
		ADDED from src\main\AndroidManifest.xml:292:13-83
activity#com.easemob.redpacketui.ui.activity.RPDetailActivity
ADDED from src\main\AndroidManifest.xml:297:9-301:55
	android:screenOrientation
		ADDED from src\main\AndroidManifest.xml:299:13-49
	android:windowSoftInputMode
		ADDED from src\main\AndroidManifest.xml:301:13-52
	android:theme
		ADDED from src\main\AndroidManifest.xml:300:13-52
	android:name
		ADDED from src\main\AndroidManifest.xml:298:13-80
activity#com.easemob.redpacketui.ui.activity.RPRecordActivity
ADDED from src\main\AndroidManifest.xml:303:9-307:55
	android:screenOrientation
		ADDED from src\main\AndroidManifest.xml:305:13-49
	android:windowSoftInputMode
		ADDED from src\main\AndroidManifest.xml:307:13-52
	android:theme
		ADDED from src\main\AndroidManifest.xml:306:13-52
	android:name
		ADDED from src\main\AndroidManifest.xml:304:13-80
activity#com.easemob.redpacketui.ui.activity.RPGroupMemberActivity
ADDED from src\main\AndroidManifest.xml:309:9-313:67
	android:screenOrientation
		ADDED from src\main\AndroidManifest.xml:311:13-49
	android:windowSoftInputMode
		ADDED from src\main\AndroidManifest.xml:313:13-64
	android:theme
		ADDED from src\main\AndroidManifest.xml:312:13-52
	android:name
		ADDED from src\main\AndroidManifest.xml:310:13-85
activity#com.alipay.sdk.app.H5PayActivity
ADDED from src\main\AndroidManifest.xml:315:9-320:70
	android:screenOrientation
		ADDED from src\main\AndroidManifest.xml:319:13-47
	android:exported
		ADDED from src\main\AndroidManifest.xml:318:13-37
	android:windowSoftInputMode
		ADDED from src\main\AndroidManifest.xml:320:13-67
	android:configChanges
		ADDED from src\main\AndroidManifest.xml:317:13-85
	android:name
		ADDED from src\main\AndroidManifest.xml:316:13-60
activity#com.alipay.sdk.app.H5AuthActivity
ADDED from src\main\AndroidManifest.xml:322:9-327:70
	android:screenOrientation
		ADDED from src\main\AndroidManifest.xml:326:13-47
	android:exported
		ADDED from src\main\AndroidManifest.xml:325:13-37
	android:windowSoftInputMode
		ADDED from src\main\AndroidManifest.xml:327:13-67
	android:configChanges
		ADDED from src\main\AndroidManifest.xml:324:13-74
	android:name
		ADDED from src\main\AndroidManifest.xml:323:13-61
receiver#com.hyphenate.chatuidemo.receiver.StartServiceReceiver
ADDED from src\main\AndroidManifest.xml:365:9-372:20
	android:name
		ADDED from src\main\AndroidManifest.xml:365:19-64
intent-filter#android.intent.action.BOOT_COMPLETED+android.intent.action.QUICKBOOT_POWERON+android.intent.category.LAUNCHER
ADDED from src\main\AndroidManifest.xml:366:13-371:29
	android:priority
		ADDED from src\main\AndroidManifest.xml:366:28-51
action#android.intent.action.BOOT_COMPLETED
ADDED from src\main\AndroidManifest.xml:367:17-79
	android:name
		ADDED from src\main\AndroidManifest.xml:367:25-76
action#android.intent.action.QUICKBOOT_POWERON
ADDED from src\main\AndroidManifest.xml:368:17-82
	android:name
		ADDED from src\main\AndroidManifest.xml:368:25-79
receiver#com.hyphenate.chat.EMGCMBroadcastReceiver
ADDED from src\main\AndroidManifest.xml:375:9-384:20
	android:exported
		ADDED from src\main\AndroidManifest.xml:377:13-36
	android:permission
		ADDED from src\main\AndroidManifest.xml:378:13-73
	android:name
		ADDED from src\main\AndroidManifest.xml:376:13-69
intent-filter#com.google.android.c2dm.intent.RECEIVE+com.hyphenate.chatuidemo
ADDED from src\main\AndroidManifest.xml:379:13-383:29
action#com.google.android.c2dm.intent.RECEIVE
ADDED from src\main\AndroidManifest.xml:380:17-81
	android:name
		ADDED from src\main\AndroidManifest.xml:380:25-78
category#com.hyphenate.chatuidemo
ADDED from src\main\AndroidManifest.xml:382:17-69
	android:name
		ADDED from src\main\AndroidManifest.xml:382:27-66
service#com.hyphenate.chat.EMGCMListenerService
ADDED from src\main\AndroidManifest.xml:386:9-388:40
	android:exported
		ADDED from src\main\AndroidManifest.xml:388:13-37
	android:name
		ADDED from src\main\AndroidManifest.xml:387:13-67
receiver#com.hyphenate.chatuidemo.receiver.GCMPushBroadCast
ADDED from src\main\AndroidManifest.xml:390:9-398:20
	android:exported
		ADDED from src\main\AndroidManifest.xml:392:13-37
	android:name
		ADDED from src\main\AndroidManifest.xml:391:13-54
intent-filter#com.hyphenate.chatuidemo+com.hyphenate.sdk.push
ADDED from src\main\AndroidManifest.xml:393:13-397:29
action#com.hyphenate.sdk.push
ADDED from src\main\AndroidManifest.xml:394:17-65
	android:name
		ADDED from src\main\AndroidManifest.xml:394:25-62
service#com.xiaomi.mipush.sdk.PushMessageHandler
ADDED from src\main\AndroidManifest.xml:403:9-407:46
	android:enabled
		ADDED from src\main\AndroidManifest.xml:405:13-35
	android:exported
		ADDED from src\main\AndroidManifest.xml:406:13-36
	tools:ignore
		ADDED from src\main\AndroidManifest.xml:407:13-43
	android:name
		ADDED from src\main\AndroidManifest.xml:404:13-68
service#com.xiaomi.mipush.sdk.MessageHandleService
ADDED from src\main\AndroidManifest.xml:408:9-410:38
	android:enabled
		ADDED from src\main\AndroidManifest.xml:410:13-35
	android:name
		ADDED from src\main\AndroidManifest.xml:409:13-70
receiver#com.hyphenate.chat.EMMipushReceiver
ADDED from src\main\AndroidManifest.xml:412:9-425:20
	android:exported
		ADDED from src\main\AndroidManifest.xml:414:13-36
	tools:ignore
		ADDED from src\main\AndroidManifest.xml:415:13-44
	android:name
		ADDED from src\main\AndroidManifest.xml:413:13-63
intent-filter#com.xiaomi.mipush.RECEIVE_MESSAGE
ADDED from src\main\AndroidManifest.xml:416:13-418:29
action#com.xiaomi.mipush.RECEIVE_MESSAGE
ADDED from src\main\AndroidManifest.xml:417:17-76
	android:name
		ADDED from src\main\AndroidManifest.xml:417:25-73
intent-filter#com.xiaomi.mipush.MESSAGE_ARRIVED
ADDED from src\main\AndroidManifest.xml:419:13-421:29
action#com.xiaomi.mipush.MESSAGE_ARRIVED
ADDED from src\main\AndroidManifest.xml:420:17-76
	android:name
		ADDED from src\main\AndroidManifest.xml:420:25-73
intent-filter#com.xiaomi.mipush.ERROR
ADDED from src\main\AndroidManifest.xml:422:13-424:29
action#com.xiaomi.mipush.ERROR
ADDED from src\main\AndroidManifest.xml:423:17-66
	android:name
		ADDED from src\main\AndroidManifest.xml:423:25-63